<?xml version="1.0" encoding="UTF-8"?>
<!-- Generated by org.testng.reporters.JUnitReportReporter -->
<testsuite hostname="saif" failures="0" tests="1" name="test.VerifyTheLogInFunctionality" time="15.711" errors="0" timestamp="2022-10-11T18:38:36 IST" skipped="0">
  <testcase classname="test.VerifyTheLogInFunctionality" name="LoginWithValidUseridAndPassword" time="15.711"/>
  <system-out/>
</testsuite> <!-- test.VerifyTheLogInFunctionality -->
